0 info it worked if it ends with ok
1 verbose cli [ '/home/jb/.nvm/v0.10.28/bin/node',
1 verbose cli   '/home/jb/.nvm/v0.10.28/bin/npm',
1 verbose cli   'publish' ]
2 info using npm@1.4.9
3 info using node@v0.10.28
4 verbose publish [ '.' ]
5 verbose cache add [ '.', null ]
6 verbose cache add name=undefined spec="." args=[".",null]
7 verbose parsed url { protocol: null,
7 verbose parsed url   slashes: null,
7 verbose parsed url   auth: null,
7 verbose parsed url   host: null,
7 verbose parsed url   port: null,
7 verbose parsed url   hostname: null,
7 verbose parsed url   hash: null,
7 verbose parsed url   search: null,
7 verbose parsed url   query: null,
7 verbose parsed url   pathname: '.',
7 verbose parsed url   path: '.',
7 verbose parsed url   href: '.' }
8 silly lockFile 3a52ce78- .
9 verbose lock . /home/jb/.npm/3a52ce78-.lock
10 verbose tar pack [ '/home/jb/tmp/npm-30992-66Hh_e-L/1407632638685-0.61190319317393/tmp.tgz',
10 verbose tar pack   '.' ]
11 verbose tarball /home/jb/tmp/npm-30992-66Hh_e-L/1407632638685-0.61190319317393/tmp.tgz
12 verbose folder .
13 info prepublish eventric-remote-socketio-endpoint@0.0.14
14 verbose unsafe-perm in lifecycle true
15 silly lockFile 1f1177db-tar tar://.
16 verbose lock tar://. /home/jb/.npm/1f1177db-tar.lock
17 silly lockFile c79551be-2638685-0-61190319317393-tmp-tgz tar:///home/jb/tmp/npm-30992-66Hh_e-L/1407632638685-0.61190319317393/tmp.tgz
18 verbose lock tar:///home/jb/tmp/npm-30992-66Hh_e-L/1407632638685-0.61190319317393/tmp.tgz /home/jb/.npm/c79551be-2638685-0-61190319317393-tmp-tgz.lock
19 silly lockFile 1f1177db-tar tar://.
20 silly lockFile 1f1177db-tar tar://.
21 silly lockFile c79551be-2638685-0-61190319317393-tmp-tgz tar:///home/jb/tmp/npm-30992-66Hh_e-L/1407632638685-0.61190319317393/tmp.tgz
22 silly lockFile c79551be-2638685-0-61190319317393-tmp-tgz tar:///home/jb/tmp/npm-30992-66Hh_e-L/1407632638685-0.61190319317393/tmp.tgz
23 verbose tar unpack /home/jb/tmp/npm-30992-66Hh_e-L/1407632638685-0.61190319317393/tmp.tgz
24 silly lockFile 36e2ad2b-socketio-endpoint-0-0-14-package tar:///home/jb/.npm/eventric-remote-socketio-endpoint/0.0.14/package
25 verbose lock tar:///home/jb/.npm/eventric-remote-socketio-endpoint/0.0.14/package /home/jb/.npm/36e2ad2b-socketio-endpoint-0-0-14-package.lock
26 silly lockFile c79551be-2638685-0-61190319317393-tmp-tgz tar:///home/jb/tmp/npm-30992-66Hh_e-L/1407632638685-0.61190319317393/tmp.tgz
27 verbose lock tar:///home/jb/tmp/npm-30992-66Hh_e-L/1407632638685-0.61190319317393/tmp.tgz /home/jb/.npm/c79551be-2638685-0-61190319317393-tmp-tgz.lock
28 silly gunzTarPerm modes [ '755', '644' ]
29 silly gunzTarPerm extractEntry package.json
30 silly gunzTarPerm modified mode [ 'package.json', 436, 420 ]
31 silly gunzTarPerm extractEntry .npmignore
32 silly gunzTarPerm modified mode [ '.npmignore', 436, 420 ]
33 silly gunzTarPerm extractEntry README.md
34 silly gunzTarPerm modified mode [ 'README.md', 436, 420 ]
35 silly gunzTarPerm extractEntry gulpfile.js
36 silly gunzTarPerm modified mode [ 'gulpfile.js', 436, 420 ]
37 silly gunzTarPerm extractEntry .travis.yml
38 silly gunzTarPerm modified mode [ '.travis.yml', 436, 420 ]
39 silly gunzTarPerm extractEntry dist/endpoint.js
40 silly gunzTarPerm modified mode [ 'dist/endpoint.js', 436, 420 ]
41 silly gunzTarPerm extractEntry gulpfile.coffee
42 silly gunzTarPerm modified mode [ 'gulpfile.coffee', 436, 420 ]
43 silly gunzTarPerm extractEntry src/endpoint.coffee
44 silly gunzTarPerm modified mode [ 'src/endpoint.coffee', 436, 420 ]
45 silly gunzTarPerm extractEntry src/feature.spec.coffee
46 silly gunzTarPerm modified mode [ 'src/feature.spec.coffee', 436, 420 ]
47 silly lockFile 36e2ad2b-socketio-endpoint-0-0-14-package tar:///home/jb/.npm/eventric-remote-socketio-endpoint/0.0.14/package
48 silly lockFile 36e2ad2b-socketio-endpoint-0-0-14-package tar:///home/jb/.npm/eventric-remote-socketio-endpoint/0.0.14/package
49 silly lockFile c79551be-2638685-0-61190319317393-tmp-tgz tar:///home/jb/tmp/npm-30992-66Hh_e-L/1407632638685-0.61190319317393/tmp.tgz
50 silly lockFile c79551be-2638685-0-61190319317393-tmp-tgz tar:///home/jb/tmp/npm-30992-66Hh_e-L/1407632638685-0.61190319317393/tmp.tgz
51 silly lockFile 3a52ce78- .
52 silly lockFile 3a52ce78- .
53 silly publish { name: 'eventric-remote-socketio-endpoint',
53 silly publish   description: 'eventric SocketIO RemoteEndpoint',
53 silly publish   url: 'http://eventric.org',
53 silly publish   keywords: [ 'eventric', 'eventric-remote', 'socketio' ],
53 silly publish   author: { name: 'eFa Team', email: 'team@efa-gmbh.com' },
53 silly publish   version: '0.0.14',
53 silly publish   repository:
53 silly publish    { type: 'git',
53 silly publish      url: 'https://github.com/efacilitation/eventric-remote-socketio-endpoint.git' },
53 silly publish   main: 'dist/endpoint.js',
53 silly publish   scripts:
53 silly publish    { test: 'gulp spec',
53 silly publish      prepublish: 'coffee -o dist -c src/endpoint.coffee' },
53 silly publish   dependencies: { 'socket.io': '*' },
53 silly publish   devDependencies:
53 silly publish    { 'coffee-script': '*',
53 silly publish      chai: '*',
53 silly publish      gulp: '*',
53 silly publish      'gulp-grep-stream': '*',
53 silly publish      'gulp-util': '*',
53 silly publish      'gulp-mocha': '*',
53 silly publish      'gulp-watch': '*',
53 silly publish      sinon: '*',
53 silly publish      eventric: '*',
53 silly publish      'eventric-remote-socketio-client': '*' },
53 silly publish   readme: '## eventric SocketIO RemoteEndpoint [![Build Status](https://travis-ci.org/efacilitation/eventric-remote-socketio-endpoint.svg?branch=master)](https://travis-ci.org/efacilitation/eventric-remote-socketio-endpoint)\n',
53 silly publish   readmeFilename: 'README.md',
53 silly publish   bugs: { url: 'https://github.com/efacilitation/eventric-remote-socketio-endpoint/issues' },
53 silly publish   homepage: 'https://github.com/efacilitation/eventric-remote-socketio-endpoint',
53 silly publish   _id: 'eventric-remote-socketio-endpoint@0.0.14',
53 silly publish   _shasum: '409563d0c2054bc1a1755969e5700e71a5540015',
53 silly publish   _from: '.' }
54 verbose url raw eventric-remote-socketio-endpoint
55 verbose url resolving [ 'https://registry.npmjs.org/',
55 verbose url resolving   './eventric-remote-socketio-endpoint' ]
56 verbose url resolved https://registry.npmjs.org/eventric-remote-socketio-endpoint
57 info trying registry request attempt 1 at 03:03:58
58 http PUT https://registry.npmjs.org/eventric-remote-socketio-endpoint
59 http 403 https://registry.npmjs.org/eventric-remote-socketio-endpoint
60 verbose headers { date: 'Sun, 10 Aug 2014 01:03:59 GMT',
60 verbose headers   server: 'CouchDB/1.5.0 (Erlang OTP/R14B04)',
60 verbose headers   'content-type': 'application/json',
60 verbose headers   'cache-control': 'max-age=60',
60 verbose headers   'content-length': '3301',
60 verbose headers   'accept-ranges': 'bytes',
60 verbose headers   via: '1.1 varnish',
60 verbose headers   'x-served-by': 'cache-fra1224-FRA',
60 verbose headers   'x-cache': 'MISS',
60 verbose headers   'x-cache-hits': '0',
60 verbose headers   'x-timer': 'S1407632638.818548,VS0,VE682',
60 verbose headers   'keep-alive': 'timeout=10, max=50',
60 verbose headers   connection: 'Keep-Alive' }
61 error publish Failed PUT 403
62 error Error: forbidden cannot modify pre-existing version: 0.0.14
62 error old={"name":"eventric-remote-socketio-endpoint","description":"eventric SocketIO RemoteEndpoint","url":"http://eventric.org","keywords":["eventric","eventric-remote","socketio"],"author":{"name":"eFa Team","email":"team@efa-gmbh.com"},"version":"0.0.14","repository":{"type":"git","url":"https://github.com/efacilitation/eventric-remote-socketio-endpoint.git"},"main":"dist/endpoint.js","scripts":{"test":"node_modules/.bin/gulp spec","prepublish":"node_modules/.bin/coffee -o dist -c src/endpoint.coffee"},"dependencies":{"socket.io":"*"},"devDependencies":{"coffee-script":"*","chai":"*","gulp":"*","gulp-grep-stream":"*","gulp-util":"*","gulp-mocha":"*","gulp-watch":"*","sinon":"*","eventric":"*","eventric-remote-socketio-client":"*"},"bugs":{"url":"https://github.com/efacilitation/eventric-remote-socketio-endpoint/issues"},"homepage":"https://github.com/efacilitation/eventric-remote-socketio-endpoint","_id":"eventric-remote-socketio-endpoint@0.0.14","dist":{"shasum":"b9642fd8d3e17b0be66b1d8241cb0313bff93433","tarball":"http://registry.npmjs.org/eventric-remote-socketio-endpoint/-/eventric-remote-socketio-endpoint-0.0.14.tgz"},"_from":".","_npmVersion":"1.3.21","_npmUser":{"name":"efacilitation","email":"team@efa-gmbh.com"},"maintainers":[{"name":"efacilitation","email":"team@efa-gmbh.com"}]}
62 error new={"name":"eventric-remote-socketio-endpoint","description":"eventric SocketIO RemoteEndpoint","url":"http://eventric.org","keywords":["eventric","eventric-remote","socketio"],"author":{"name":"eFa Team","email":"team@efa-gmbh.com"},"version":"0.0.14","repository":{"type":"git","url":"https://github.com/efacilitation/eventric-remote-socketio-endpoint.git"},"main":"dist/endpoint.js","scripts":{"test":"gulp spec","prepublish":"coffee -o dist -c src/endpoint.coffee"},"dependencies":{"socket.io":"*"},"devDependencies":{"coffee-script":"*","chai":"*","gulp":"*","gulp-grep-stream":"*","gulp-util":"*","gulp-mocha":"*","gulp-watch":"*","sinon":"*","eventric":"*","eventric-remote-socketio-client":"*"},"readme":"## eventric SocketIO RemoteEndpoint [![Build Status](https://travis-ci.org/efacilitation/eventric-remote-socketio-endpoint.svg?branch=master)](https://travis-ci.org/efacilitation/eventric-remote-socketio-endpoint)\u000a","readmeFilename":"README.md","bugs":{"url":"https://github.com/efacilitation/eventric-remote-socketio-endpoint/issues"},"homepage":"https://github.com/efacilitation/eventric-remote-socketio-endpoint","_id":"eventric-remote-socketio-endpoint@0.0.14","_shasum":"409563d0c2054bc1a1755969e5700e71a5540015","_from":".","_npmVersion":"1.4.9","_npmUser":{"name":"efacilitation","email":"team@efa-gmbh.com"},"maintainers":[{"name":"efacilitation","email":"team@efa-gmbh.com"}],"dist":{"shasum":"409563d0c2054bc1a1755969e5700e71a5540015","tarball":"http://registry.npmjs.org/eventric-remote-socketio-endpoint/-/eventric-remote-socketio-endpoint-0.0.14.tgz"}}: eventric-remote-socketio-endpoint
62 error     at RegClient.<anonymous> (/home/jb/.nvm/v0.10.28/lib/node_modules/npm/node_modules/npm-registry-client/lib/request.js:273:14)
62 error     at Request._callback (/home/jb/.nvm/v0.10.28/lib/node_modules/npm/node_modules/npm-registry-client/lib/request.js:211:65)
62 error     at Request.self.callback (/home/jb/.nvm/v0.10.28/lib/node_modules/npm/node_modules/request/request.js:123:22)
62 error     at Request.EventEmitter.emit (events.js:98:17)
62 error     at Request.<anonymous> (/home/jb/.nvm/v0.10.28/lib/node_modules/npm/node_modules/request/request.js:893:14)
62 error     at Request.EventEmitter.emit (events.js:117:20)
62 error     at IncomingMessage.<anonymous> (/home/jb/.nvm/v0.10.28/lib/node_modules/npm/node_modules/request/request.js:844:12)
62 error     at IncomingMessage.EventEmitter.emit (events.js:117:20)
62 error     at _stream_readable.js:919:16
62 error     at process._tickCallback (node.js:419:13)
63 error If you need help, you may report this *entire* log,
63 error including the npm and node versions, at:
63 error     <http://github.com/npm/npm/issues>
64 error System Linux 3.13.0-30-generic
65 error command "/home/jb/.nvm/v0.10.28/bin/node" "/home/jb/.nvm/v0.10.28/bin/npm" "publish"
66 error cwd /home/jb/Code/efa/eventric-remote-socketio-endpoint
67 error node -v v0.10.28
68 error npm -v 1.4.9
69 verbose exit [ 1, true ]
